Arguments: 
  C:\Program Files\nodejs\node.exe C:\Program Files (x86)\Yarn\bin\yarn.js add require

PATH: 
  C:\ProgramData\Oracle\Java\javapath;C:\WINDOWS\system32;C:\WINDOWS;C:\WINDOWS\System32\Wbem;C:\WINDOWS\System32\WindowsPowerShell\v1.0\;F:\Python27;C:\Program Files (x86)\Windows Kits\8.1\Windows Performance Toolkit\;C:\Program Files\Microsoft\Web Platform Installer\;C:\Program Files\dotnet\;C:\Program Files (x86)\Skype\Phone\;C:\Program Files\Microsoft SQL Server\Client SDK\ODBC\130\Tools\Binn\;C:\Program Files (x86)\Microsoft SQL Server\Client SDK\ODBC\130\Tools\Binn\;C:\Program Files (x86)\Microsoft SQL Server\140\Tools\Binn\;C:\Program Files (x86)\Microsoft SQL Server\140\DTS\Binn\;C:\Program Files (x86)\Microsoft SQL Server\140\Tools\Binn\ManagementStudio\;C:\Program Files (x86)\Plantronics\Spokes3G\;F:\Program Files\PuTTY\;C:\Program Files\MySQL\MySQL Utilities 1.6\;%NVM_HOME%;%NVM_SYMLINK%;F:\Program Files\Git\cmd;C:\Program Files\Microsoft SQL Server\140\Tools\Binn\;C:\Program Files\Microsoft SQL Server\140\DTS\Binn\;C:\WINDOWS\System32\OpenSSH\;C:\Program Files (x86)\Yarn\bin\;C:\Users\Ori\.dnx\bin;C:\Program Files (x86)\MSBuild\14.0\Bin;C:\Program Files (x86)\Microsoft VS Code\bin;F:\Ruby22-x64\bin;F:\Program Files\Docker Toolbox;F:\Program Files (x86)\Sophos\Sophos SSL VPN Client\bin;F:\OpenSSL\bin;C:\Users\Ori\AppData\Local\Microsoft\WindowsApps;F:\Program Files (x86)\Notepad++;C:\Users\Ori\AppData\Local\Programs\Fiddler;C:\Users\Ori\AppData\Local\GitHubDesktop\bin;C:\Users\Ori\AppData\Roaming\nvm;C:\Program Files\nodejs;C:\Users\Ori\AppData\Local\Microsoft\WindowsApps;C:\Users\Ori\AppData\Local\Yarn\bin

Yarn version: 
  1.6.0

Node version: 
  8.9.4

Platform: 
  win32 x64

Trace: 
  Error: getaddrinfo ENOTFOUND registry.npmjs.org registry.npmjs.org:80
      at errnoException (dns.js:50:10)
      at GetAddrInfoReqWrap.onlookup [as oncomplete] (dns.js:92:26)

npm manifest: 
  No manifest

yarn manifest: 
  No manifest

Lockfile: 
  No lockfile
